e:\vc++\code\test\des\des\debug\des.pch
e:\vc++\code\test\des\des\debug\vc140.pdb
e:\vc++\code\test\des\des\debug\vc140.idb
e:\vc++\code\test\des\des\debug\stdafx.obj
e:\vc++\code\test\des\des\debug\des.obj
e:\vc++\code\test\des\des\debug\desdlg.obj
e:\vc++\code\test\des\des\debug\desproc.obj
e:\vc++\code\test\des\debug\des.ilk
e:\vc++\code\test\des\debug\des.exe
e:\vc++\code\test\des\debug\des.pdb
e:\vc++\code\test\des\des\debug\des.res
e:\vc++\code\test\des\des\debug\des.tlog\cl.command.1.tlog
e:\vc++\code\test\des\des\debug\des.tlog\cl.read.1.tlog
e:\vc++\code\test\des\des\debug\des.tlog\cl.write.1.tlog
e:\vc++\code\test\des\des\debug\des.tlog\link.command.1.tlog
e:\vc++\code\test\des\des\debug\des.tlog\link.read.1.tlog
e:\vc++\code\test\des\des\debug\des.tlog\link.write.1.tlog
e:\vc++\code\test\des\des\debug\des.tlog\rc.command.1.tlog
e:\vc++\code\test\des\des\debug\des.tlog\rc.read.1.tlog
e:\vc++\code\test\des\des\debug\des.tlog\rc.write.1.tlog
